Using pre-set license
Built from '2020.3/staging' branch; Version is '2020.3.26f1 (7298b473bc1a) revision 7510196'; Using compiler version '192528614'; Build Type 'Release'
OS: 'Windows 10  (10.0.19041) 64bit Core' Language: 'en' Physical Memory: 16233 MB
BatchMode: 1, IsHumanControllingUs: 0, StartBugReporterOnCrash: 0, Is64bit: 1, IsPro: 0

COMMAND LINE ARGUMENTS:
D:\Unity\2020.3.26f1\Editor\Unity.exe
-adb2
-batchMode
-noUpm
-name
AssetImportWorker0
-projectPath
D:/Uni/SUBJECTS/Year 3/Multiplayer Games/TB1 Project/AWAQUE
-logFile
Logs/AssetImportWorker0.log
-srvPort
30314
Successfully changed project path to: D:/Uni/SUBJECTS/Year 3/Multiplayer Games/TB1 Project/AWAQUE
D:/Uni/SUBJECTS/Year 3/Multiplayer Games/TB1 Project/AWAQUE
Using Asset Import Pipeline V2.
Refreshing native plugins compatible for Editor in 66.36 ms, found 2 plugins.
Preloading 0 native plugins for Editor in 0.00 ms.
Initialize engine version: 2020.3.26f1 (7298b473bc1a)
[Subsystems] Discovering subsystems at path D:/Unity/2020.3.26f1/Editor/Data/Resources/UnitySubsystems
[Subsystems] Discovering subsystems at path D:/Uni/SUBJECTS/Year 3/Multiplayer Games/TB1 Project/AWAQUE/Assets
GfxDevice: creating device client; threaded=0
Direct3D:
    Version:  Direct3D 11.0 [level 11.1]
    Renderer: NVIDIA GeForce RTX 2060 (ID=0x1f11)
    Vendor:   
    VRAM:     5980 MB
    Driver:   30.0.15.1259
Initialize mono
Mono path[0] = 'D:/Unity/2020.3.26f1/Editor/Data/Managed'
Mono path[1] = 'D:/Unity/2020.3.26f1/Editor/Data/MonoBleedingEdge/lib/mono/unityjit'
Mono config path = 'D:/Unity/2020.3.26f1/Editor/Data/MonoBleedingEdge/etc'
Using monoOptions --debugger-agent=transport=dt_socket,embedding=1,server=y,suspend=n,address=127.0.0.1:56188
Begin MonoManager ReloadAssembly
Registering precompiled unity dll's ...
Register platform support module: D:/Unity/2020.3.26f1/Editor/Data/PlaybackEngines/WindowsStandaloneSupport/UnityEditor.WindowsStandalone.Extensions.dll
Registered in 0.001455 seconds.
Native extension for WindowsStandalone target not found
Refreshing native plugins compatible for Editor in 56.28 ms, found 2 plugins.
Preloading 0 native plugins for Editor in 0.00 ms.
Mono: successfully reloaded assembly
- Completed reload, in  0.574 seconds
Domain Reload Profiling:
	ReloadAssembly (574ms)
		BeginReloadAssembly (52ms)
			ExecutionOrderSort (0ms)
			DisableScriptedObjects (0ms)
			BackupInstance (0ms)
			ReleaseScriptingObjects (0ms)
			CreateAndSetChildDomain (1ms)
		EndReloadAssembly (456ms)
			LoadAssemblies (51ms)
			RebuildTransferFunctionScriptingTraits (0ms)
			SetupTypeCache (144ms)
			ReleaseScriptCaches (0ms)
			RebuildScriptCaches (30ms)
			SetupLoadedEditorAssemblies (184ms)
				LogAssemblyErrors (0ms)
				InitializePlatformSupportModulesInManaged (4ms)
				SetLoadedEditorAssemblies (0ms)
				RefreshPlugins (56ms)
				BeforeProcessingInitializeOnLoad (16ms)
				ProcessInitializeOnLoadAttributes (80ms)
				ProcessInitializeOnLoadMethodAttributes (27ms)
				AfterProcessingInitializeOnLoad (0ms)
				EditorAssembliesLoaded (0ms)
			ExecutionOrderSort2 (0ms)
			AwakeInstancesAfterBackupRestoration (0ms)
Platform modules already initialized, skipping
Registering precompiled user dll's ...
Registered in 0.005056 seconds.
ASSEMBLY OVERRIDES: * override found for Unity assembly UnityEngine.UIElementsModule.dll (override path Library/ScriptAssemblies/UnityEngine.UIElementsModule.dll)
ASSEMBLY OVERRIDES: * override found for Unity assembly UnityEditor.UIElementsModule.dll (override path Library/ScriptAssemblies/UnityEditor.UIElementsModule.dll)
Begin MonoManager ReloadAssembly
ASSEMBLY OVERRIDES: * override found for Unity assembly UnityEngine.UIElementsModule.dll (override path Library/ScriptAssemblies/UnityEngine.UIElementsModule.dll)
ASSEMBLY OVERRIDES: * override found for Unity assembly UnityEditor.UIElementsModule.dll (override path Library/ScriptAssemblies/UnityEditor.UIElementsModule.dll)
Symbol file LoadedFromMemory is not a mono symbol file
Native extension for WindowsStandalone target not found
Refreshing native plugins compatible for Editor in 61.05 ms, found 2 plugins.
Preloading 0 native plugins for Editor in 0.00 ms.
ASSEMBLY OVERRIDES: * override found for Unity assembly UnityEngine.UIElementsModule.dll (override path Library/ScriptAssemblies/UnityEngine.UIElementsModule.dll)
ASSEMBLY OVERRIDES: * override found for Unity assembly UnityEditor.UIElementsModule.dll (override path Library/ScriptAssemblies/UnityEditor.UIElementsModule.dll)
ASSEMBLY OVERRIDES: * override found for Unity assembly UnityEngine.UIElementsModule.dll (override path Library/ScriptAssemblies/UnityEngine.UIElementsModule.dll)
ASSEMBLY OVERRIDES: * override found for Unity assembly UnityEditor.UIElementsModule.dll (override path Library/ScriptAssemblies/UnityEditor.UIElementsModule.dll)
Mono: successfully reloaded assembly
- Completed reload, in  1.147 seconds
Domain Reload Profiling:
	ReloadAssembly (1148ms)
		BeginReloadAssembly (142ms)
			ExecutionOrderSort (0ms)
			DisableScriptedObjects (5ms)
			BackupInstance (0ms)
			ReleaseScriptingObjects (0ms)
			CreateAndSetChildDomain (19ms)
		EndReloadAssembly (949ms)
			LoadAssemblies (93ms)
			RebuildTransferFunctionScriptingTraits (0ms)
			SetupTypeCache (298ms)
			ReleaseScriptCaches (1ms)
			RebuildScriptCaches (50ms)
			SetupLoadedEditorAssemblies (400ms)
				LogAssemblyErrors (0ms)
				InitializePlatformSupportModulesInManaged (3ms)
				SetLoadedEditorAssemblies (0ms)
				RefreshPlugins (61ms)
				BeforeProcessingInitializeOnLoad (82ms)
				ProcessInitializeOnLoadAttributes (207ms)
				ProcessInitializeOnLoadMethodAttributes (44ms)
				AfterProcessingInitializeOnLoad (2ms)
				EditorAssembliesLoaded (0ms)
			ExecutionOrderSort2 (0ms)
			AwakeInstancesAfterBackupRestoration (6ms)
Platform modules already initialized, skipping
========================================================================
Worker process is ready to serve import requests
Launched and connected shader compiler UnityShaderCompiler.exe after 0.09 seconds
Refreshing native plugins compatible for Editor in 1.20 ms, found 2 plugins.
Preloading 0 native plugins for Editor in 0.00 ms.
Unloading 2803 Unused Serialized files (Serialized files now loaded: 0)
System memory in use before: 195.9 MB.
System memory in use after: 195.9 MB.

Unloading 119 unused Assets to reduce memory usage. Loaded Objects now: 3143.
Total: 3.731900 ms (FindLiveObjects: 0.246300 ms CreateObjectMapping: 0.124300 ms MarkObjects: 2.797800 ms  DeleteObjects: 0.562500 ms)

AssetImportParameters requested are different than current active one (requested -> active):
  custom:framework-win-MediaFoundation: 216162199b28c13a410421893ffa2e32 -> 
  custom:video-decoder-ogg-theora: a1e56fd34408186e4bbccfd4996cb3dc -> 
  custom:container-muxer-webm: aa71ff27fc2769a1b78a27578f13a17b -> 
  custom:container-demuxer-webm: 4f35f7cbe854078d1ac9338744f61a02 -> 
  custom:container-demuxer-ogg: 62fdf1f143b41e24485cea50d1cbac27 -> 
  custom:video-encoder-webm-vp8: eb34c28f22e8b96e1ab97ce403110664 -> 
  custom:video-codec-MediaFoundation-h265: 746d11721c4dcdbdad8f713fa42b33f4 -> 
  custom:video-decoder-webm-vp8: 9c59270c3fd7afecdb556c50c9e8de78 -> 
  custom:audio-decoder-ogg-vorbis: bf7c407c2cedff20999df2af8eb42d56 -> 
  custom:audio-encoder-webm-vorbis: bf7c407c2cedff20999df2af8eb42d56 -> 
========================================================================
Received Import Request.
  path: Assets/Scripts/Photon&MainMenu/UI.prefab
  artifactKey: Guid(92b0be00615bdae44a82c32fc5381b37) Importer(815301076,1909f56bfc062723c751e8b465ee728b)
Start importing Assets/Scripts/Photon&MainMenu/UI.prefab using Guid(92b0be00615bdae44a82c32fc5381b37) Importer(815301076,1909f56bfc062723c751e8b465ee728b)  -> (artifact id: '5dcbdae683772c01c8cba5652e7d237c') in 0.180199 seconds 
  Import took 0.727754 seconds .

========================================================================
Received Import Request.
  Time since last request: 575.517023 seconds.
  path: Assets/Resources/PhotonPrefabs/GameHUD.prefab
  artifactKey: Guid(3068a5f3090478a46834850450cd44eb) Importer(815301076,1909f56bfc062723c751e8b465ee728b)
Start importing Assets/Resources/PhotonPrefabs/GameHUD.prefab using Guid(3068a5f3090478a46834850450cd44eb) Importer(815301076,1909f56bfc062723c751e8b465ee728b)  -> (artifact id: 'e7e5057c000e14d8b443e51986cda64e') in 0.059871 seconds 
  Import took 0.108025 seconds .

========================================================================
Received Import Request.
  Time since last request: 0.000299 seconds.
  path: Assets/Resources/PhotonPrefabs/PlayerController.prefab
  artifactKey: Guid(b4176ca60028d9b46aa68e583952c3d1) Importer(815301076,1909f56bfc062723c751e8b465ee728b)
Start importing Assets/Resources/PhotonPrefabs/PlayerController.prefab using Guid(b4176ca60028d9b46aa68e583952c3d1) Importer(815301076,1909f56bfc062723c751e8b465ee728b)  -> (artifact id: '95667606874568416cfc3ab778c410d2') in 0.126766 seconds 
  Import took 0.152027 seconds .

========================================================================
Received Import Request.
  Time since last request: 42.011781 seconds.
  path: Assets/IMPORTED/Art/Textures/UI/TEX_White_16x16.png
  artifactKey: Guid(d194854d61472d744b8684ceab84264a) Importer(815301076,1909f56bfc062723c751e8b465ee728b)
Start importing Assets/IMPORTED/Art/Textures/UI/TEX_White_16x16.png using Guid(d194854d61472d744b8684ceab84264a) Importer(815301076,1909f56bfc062723c751e8b465ee728b)  -> (artifact id: '8d70c144e309329cd16c990fcea2604e') in 0.038326 seconds 
  Import took 0.044031 seconds .

========================================================================
Received Import Request.
  Time since last request: 0.024845 seconds.
  path: Assets/IMPORTED/Art/Textures/UI/HUD_LifeBar_Icon.png
  artifactKey: Guid(42026ddb8af9ab4469471032859446cb) Importer(815301076,1909f56bfc062723c751e8b465ee728b)
Start importing Assets/IMPORTED/Art/Textures/UI/HUD_LifeBar_Icon.png using Guid(42026ddb8af9ab4469471032859446cb) Importer(815301076,1909f56bfc062723c751e8b465ee728b)  -> (artifact id: '5dceb338e6900e4388cfd572cfd9da41') in 0.015080 seconds 
  Import took 0.019699 seconds .

========================================================================
Received Import Request.
  Time since last request: 0.052313 seconds.
  path: Assets/IMPORTED/Art/Textures/UI/Stance_Sprint_Icon.png
  artifactKey: Guid(2ab14a66f580d964c949c600a99c3087) Importer(815301076,1909f56bfc062723c751e8b465ee728b)
Start importing Assets/IMPORTED/Art/Textures/UI/Stance_Sprint_Icon.png using Guid(2ab14a66f580d964c949c600a99c3087) Importer(815301076,1909f56bfc062723c751e8b465ee728b)  -> (artifact id: 'bae4368e8ad08017f6a439710055ae6c') in 0.011723 seconds 
  Import took 0.017583 seconds .

========================================================================
Received Import Request.
  Time since last request: 0.019403 seconds.
  path: Assets/IMPORTED/Art/Textures/UI/Crosshair_Blaster_Center.png
  artifactKey: Guid(2b5b80f3ebc88174a8c662e280fdb09c) Importer(815301076,1909f56bfc062723c751e8b465ee728b)
Start importing Assets/IMPORTED/Art/Textures/UI/Crosshair_Blaster_Center.png using Guid(2b5b80f3ebc88174a8c662e280fdb09c) Importer(815301076,1909f56bfc062723c751e8b465ee728b)  -> (artifact id: '85e3f6f3b8ba510751b4b1b943038804') in 0.011168 seconds 
  Import took 0.016418 seconds .

========================================================================
Received Import Request.
  Time since last request: 4427.549003 seconds.
  path: Assets/Scripts/Player/PlayerDeath.cs
  artifactKey: Guid(7db5c01ef3dad1448ae1dbc052831d29) Importer(815301076,1909f56bfc062723c751e8b465ee728b)
Start importing Assets/Scripts/Player/PlayerDeath.cs using Guid(7db5c01ef3dad1448ae1dbc052831d29) Importer(815301076,1909f56bfc062723c751e8b465ee728b)  -> (artifact id: 'dbde94fe6e0ecf9021971bcfa716961c') in 0.009817 seconds 
  Import took 0.052088 seconds .

========================================================================
Received Import Request.
  Time since last request: 0.237086 seconds.
  path: Assets/Scripts/Player/PlayerHealth.cs
  artifactKey: Guid(4bd531c20babef948a1bfcaa7abd941f) Importer(815301076,1909f56bfc062723c751e8b465ee728b)
Start importing Assets/Scripts/Player/PlayerHealth.cs using Guid(4bd531c20babef948a1bfcaa7abd941f) Importer(815301076,1909f56bfc062723c751e8b465ee728b)  -> (artifact id: '47c0ec6c1be862acdacae292eeb118cc') in 0.010024 seconds 
  Import took 0.017128 seconds .

========================================================================
Received Import Request.
  Time since last request: 32.473986 seconds.
  path: Assets/Scripts/Player/PlayerMovementNew.cs
  artifactKey: Guid(ec00f153b1f688347a88aa34e7ccaa2b) Importer(815301076,1909f56bfc062723c751e8b465ee728b)
Start importing Assets/Scripts/Player/PlayerMovementNew.cs using Guid(ec00f153b1f688347a88aa34e7ccaa2b) Importer(815301076,1909f56bfc062723c751e8b465ee728b)  -> (artifact id: '44c8e74c15c2e391185b4dac6dd2f645') in 0.003904 seconds 
  Import took 0.011915 seconds .

========================================================================
Received Import Request.
  Time since last request: 2656.624283 seconds.
  path: Assets/Scripts/Weapons/WeaponScript.cs
  artifactKey: Guid(701d918de66b5314bb565e1d04ab69fd) Importer(815301076,1909f56bfc062723c751e8b465ee728b)
Start importing Assets/Scripts/Weapons/WeaponScript.cs using Guid(701d918de66b5314bb565e1d04ab69fd) Importer(815301076,1909f56bfc062723c751e8b465ee728b)  -> (artifact id: '5b105d986384e6cd30da8cbd69b5dac4') in 0.004170 seconds 
  Import took 0.036644 seconds .

AssetImportWorkerClient::OnTransportError - code=2 error=End of file
